android/app/build/intermediates/manifest_merge_blame_file/armDebug/manifest-merger-blame-arm-debug-report.txt
1<?xml version="1.0" encoding="utf-8"?>
2<manifest xmlns:android="http://schemas.android.com/apk/res/android"
3    package="com.tencent.weauth"
4    android:versionCode="100"
5    android:versionName="0.0.1" >
6
7    <uses-sdk
7-->src/main/AndroidManifest.xml:5:5-59
8        xmlns:android="http://schemas.android.com/apk/res/android"
8-->[com.tencent.luggage:wxa-standalone-open-runtime-SaaA-plugin-sdk:1.0.8] AndroidManifest.xml:7:9-67
9        android:minSdkVersion="21"
9-->src/main/AndroidManifest.xml:5:5-59
10        android:targetSdkVersion="29" />
10-->src/main/AndroidManifest.xml:5:5-59
11
12    <uses-permission
12-->src/main/AndroidManifest.xml:6:5-67
13        xmlns:android="http://schemas.android.com/apk/res/android"
13-->[com.tencent.luggage:wxa-standalone-open-runtime-SaaA-plugin-sdk:1.0.8] AndroidManifest.xml:31:9-67
14        android:name="android.permission.INTERNET" /> <!-- 网络通信 -->
14-->src/main/AndroidManifest.xml:6:22-64
15    <uses-permission
15-->src/main/AndroidManifest.xml:7:5-79
16        xmlns:android="http://schemas.android.com/apk/res/android"
16-->[com.tencent.luggage:wxa-standalone-open-runtime-SaaA-plugin-sdk:1.0.8] AndroidManifest.xml:34:9-67
17        android:name="android.permission.ACCESS_NETWORK_STATE" />
17-->src/main/AndroidManifest.xml:7:22-76
18    <uses-permission android:name="android.permission.ACCESS_COARSE_LOCATION" />
18-->src/main/AndroidManifest.xml:8:5-81
18-->src/main/AndroidManifest.xml:8:22-78
19    <uses-permission android:name="android.permission.ACCESS_FINE_LOCATION" />
19-->src/main/AndroidManifest.xml:9:5-79
19-->src/main/AndroidManifest.xml:9:22-76
20    <uses-permission android:name="android.permission.RECORD_AUDIO" />
20-->src/main/AndroidManifest.xml:10:5-71
20-->src/main/AndroidManifest.xml:10:22-68
21    <uses-permission android:name="android.permission.REQUEST_INSTALL_PACKAGES" />
21-->src/main/AndroidManifest.xml:11:5-83
21-->src/main/AndroidManifest.xml:11:22-80
22
23    <queries package="com.tencent.weauth" >
23-->src/main/AndroidManifest.xml:13:5-15:15
23-->[com.tencent.luggage:wxa-standalone-open-runtime-SaaA-plugin-sdk:1.0.8] AndroidManifest.xml:12:14-40
24        <package android:name="com.tencent.mm" />
24-->src/main/AndroidManifest.xml:14:9-50
24-->src/main/AndroidManifest.xml:14:18-47
25
26        <intent>
26-->[com.tencent.luggage:wxa-standalone-open-runtime-SaaA-plugin-sdk:1.0.8] AndroidManifest.xml:13:9-16:18
27            <action android:name="android.media.action.IMAGE_CAPTURE" >
27-->[com.tencent.luggage:wxa-standalone-open-runtime-SaaA-plugin-sdk:1.0.8] AndroidManifest.xml:14:13-15:22
27-->[com.tencent.luggage:wxa-standalone-open-runtime-SaaA-plugin-sdk:1.0.8] AndroidManifest.xml:14:21-70
28            </action>
29        </intent>
30        <intent>
30-->[com.tencent.luggage:wxa-standalone-open-runtime-SaaA-plugin-sdk:1.0.8] AndroidManifest.xml:17:9-20:18
31            <action android:name="android.media.action.ACTION_VIDEO_CAPTURE" >
31-->[com.tencent.luggage:wxa-standalone-open-runtime-SaaA-plugin-sdk:1.0.8] AndroidManifest.xml:18:13-19:22
31-->[com.tencent.luggage:wxa-standalone-open-runtime-SaaA-plugin-sdk:1.0.8] AndroidManifest.xml:18:21-77
32            </action>
33        </intent>
34    </queries>
35
36    <uses-permission android:name="android.permission.QUERY_ALL_PACKAGES" />
36-->[:plugin] AndroidManifest.xml:12:5-77
36-->[:plugin] AndroidManifest.xml:12:22-74
37    <uses-permission android:name="android.permission.READ_PHONE_STATE" />
37-->[:plugin] AndroidManifest.xml:13:5-75
37-->[:plugin] AndroidManifest.xml:13:22-72
38    <uses-permission
38-->[:plugin] AndroidManifest.xml:14:5-76
39        xmlns:android="http://schemas.android.com/apk/res/android"
39-->[com.tencent.luggage:wxa-standalone-open-runtime-SaaA-plugin-sdk:1.0.8] AndroidManifest.xml:40:9-67
40        android:name="android.permission.ACCESS_WIFI_STATE" />
40-->[:plugin] AndroidManifest.xml:14:22-73
41    <uses-permission
41-->[:plugin] AndroidManifest.xml:15:5-66
42        xmlns:android="http://schemas.android.com/apk/res/android"
42-->[com.tencent.luggage:wxa-standalone-open-runtime-SaaA-plugin-sdk:1.0.8] AndroidManifest.xml:25:9-67
43        android:name="android.permission.VIBRATE" />
43-->[:plugin] AndroidManifest.xml:15:22-63
44    <uses-permission android:name="android.permission.GET_TASKS" /> <!-- oppo android12  需要 alarm权限 -->
44-->[:plugin] AndroidManifest.xml:16:5-68
44-->[:plugin] AndroidManifest.xml:16:22-65
45    <uses-permission android:name="android.permission.SCHEDULE_EXACT_ALARM" />
45-->[:plugin] AndroidManifest.xml:17:5-79
45-->[:plugin] AndroidManifest.xml:17:22-76
46    <uses-permission android:name="getui.permission.GetuiService.com.tencent.weauth" /> <!-- vivo角标 -->
46-->[:plugin] AndroidManifest.xml:18:5-86
46-->[:plugin] AndroidManifest.xml:18:22-83
47    <uses-permission android:name="com.vivo.notification.permission.BADGE_ICON" />
47-->[:plugin] AndroidManifest.xml:19:5-83
47-->[:plugin] AndroidManifest.xml:19:22-80
48
49    <permission
49-->[:plugin] AndroidManifest.xml:21:5-23:47
50        android:name="getui.permission.GetuiService.com.tencent.weauth"
50-->[:plugin] AndroidManifest.xml:22:9-70
51        android:protectionLevel="signature" />
51-->[:plugin] AndroidManifest.xml:23:9-44
52
53    <uses-permission android:name="android.permission.ACCESS_BACKGROUND_LOCATION" />
53-->[:plugin] AndroidManifest.xml:27:5-85
53-->[:plugin] AndroidManifest.xml:27:22-82
54    <uses-permission
54-->[com.tencent.luggage:wxa-standalone-open-runtime-SaaA-plugin-sdk:1.0.8] AndroidManifest.xml:27:5-29:56
55        xmlns:android="http://schemas.android.com/apk/res/android"
55-->[com.tencent.luggage:wxa-standalone-open-runtime-SaaA-plugin-sdk:1.0.8] AndroidManifest.xml:28:9-67
56        android:name="android.permission.ALARM_LOCK" />
56-->[com.tencent.luggage:wxa-standalone-open-runtime-SaaA-plugin-sdk:1.0.8] AndroidManifest.xml:29:9-53
57    <uses-permission
57-->[com.tencent.luggage:wxa-standalone-open-runtime-SaaA-plugin-sdk:1.0.8] AndroidManifest.xml:36:5-38:55
58        xmlns:android="http://schemas.android.com/apk/res/android"
58-->[com.tencent.luggage:wxa-standalone-open-runtime-SaaA-plugin-sdk:1.0.8] AndroidManifest.xml:37:9-67
59        android:name="android.permission.WAKE_LOCK" />
59-->[com.tencent.luggage:wxa-standalone-open-runtime-SaaA-plugin-sdk:1.0.8] AndroidManifest.xml:38:9-52
60    <uses-permission
60-->[com.tencent.luggage:wxa-standalone-open-runtime-SaaA-plugin-sdk:1.0.8] AndroidManifest.xml:42:5-44:68
61        xmlns:android="http://schemas.android.com/apk/res/android"
61-->[com.tencent.luggage:wxa-standalone-open-runtime-SaaA-plugin-sdk:1.0.8] AndroidManifest.xml:43:9-67
62        android:name="android.permission.WRITE_EXTERNAL_STORAGE" />
62-->[com.tencent.luggage:wxa-standalone-open-runtime-SaaA-plugin-sdk:1.0.8] AndroidManifest.xml:44:9-65
63
64    <permission
64-->[com.tencent.luggage:wxa-standalone-open-runtime-SaaA-plugin-sdk:1.0.8] AndroidManifest.xml:46:5-49:47
65        xmlns:android="http://schemas.android.com/apk/res/android"
65-->[com.tencent.luggage:wxa-standalone-open-runtime-SaaA-plugin-sdk:1.0.8] AndroidManifest.xml:47:9-67
66        android:name="com.tencent.weauth.vfs.broadcast"
66-->[com.tencent.luggage:wxa-standalone-open-runtime-SaaA-plugin-sdk:1.0.8] AndroidManifest.xml:48:9-54
67        android:protectionLevel="signature" />
67-->[com.tencent.luggage:wxa-standalone-open-runtime-SaaA-plugin-sdk:1.0.8] AndroidManifest.xml:49:9-44
68
69    <uses-permission
69-->[com.tencent.luggage:wxa-standalone-open-runtime-SaaA-plugin-sdk:1.0.8] AndroidManifest.xml:51:5-53:57
70        xmlns:android="http://schemas.android.com/apk/res/android"
70-->[com.tencent.luggage:wxa-standalone-open-runtime-SaaA-plugin-sdk:1.0.8] AndroidManifest.xml:52:9-67
71        android:name="com.tencent.weauth.vfs.broadcast" />
71-->[com.tencent.luggage:wxa-standalone-open-runtime-SaaA-plugin-sdk:1.0.8] AndroidManifest.xml:53:9-54
72    <uses-permission
72-->[com.tencent.luggage:wxa-standalone-open-runtime-SaaA-plugin-sdk:1.0.8] AndroidManifest.xml:54:5-56:73
73        xmlns:android="http://schemas.android.com/apk/res/android"
73-->[com.tencent.luggage:wxa-standalone-open-runtime-SaaA-plugin-sdk:1.0.8] AndroidManifest.xml:55:9-67
74        android:name="android.permission.CHANGE_WIFI_MULTICAST_STATE" />
74-->[com.tencent.luggage:wxa-standalone-open-runtime-SaaA-plugin-sdk:1.0.8] AndroidManifest.xml:56:9-70
75    <uses-permission
75-->[com.tencent.luggage:wxa-standalone-open-runtime-SaaA-plugin-sdk:1.0.8] AndroidManifest.xml:57:5-60:35
76        xmlns:android="http://schemas.android.com/apk/res/android"
76-->[com.tencent.luggage:wxa-standalone-open-runtime-SaaA-plugin-sdk:1.0.8] AndroidManifest.xml:58:9-67
77        android:name="android.permission.CAMERA"
77-->[com.tencent.luggage:wxa-standalone-open-runtime-SaaA-plugin-sdk:1.0.8] AndroidManifest.xml:59:9-49
78        android:required="true" />
78-->[com.tencent.luggage:wxa-standalone-open-runtime-SaaA-plugin-sdk:1.0.8] AndroidManifest.xml:60:9-32
79
80    <uses-feature
80-->[com.tencent.luggage:wxa-standalone-open-runtime-SaaA-plugin-sdk:1.0.8] AndroidManifest.xml:62:5-65:35
81        xmlns:android="http://schemas.android.com/apk/res/android"
81-->[com.tencent.luggage:wxa-standalone-open-runtime-SaaA-plugin-sdk:1.0.8] AndroidManifest.xml:63:9-67
82        android:name="android.hardware.camera"
82-->[com.tencent.luggage:wxa-standalone-open-runtime-SaaA-plugin-sdk:1.0.8] AndroidManifest.xml:64:9-47
83        android:required="true" />
83-->[com.tencent.luggage:wxa-standalone-open-runtime-SaaA-plugin-sdk:1.0.8] AndroidManifest.xml:65:9-32
84    <uses-feature
84-->[com.tencent.luggage:wxa-standalone-open-runtime-SaaA-plugin-sdk:1.0.8] AndroidManifest.xml:66:5-69:36
85        xmlns:android="http://schemas.android.com/apk/res/android"
85-->[com.tencent.luggage:wxa-standalone-open-runtime-SaaA-plugin-sdk:1.0.8] AndroidManifest.xml:67:9-67
86        android:name="android.hardware.camera.autofocus"
86-->[com.tencent.luggage:wxa-standalone-open-runtime-SaaA-plugin-sdk:1.0.8] AndroidManifest.xml:68:9-57
87        android:required="false" />
87-->[com.tencent.luggage:wxa-standalone-open-runtime-SaaA-plugin-sdk:1.0.8] AndroidManifest.xml:69:9-33
88
89    <uses-permission
89-->[com.tencent.luggage:wxa-standalone-open-runtime-SaaA-plugin-sdk:1.0.8] AndroidManifest.xml:71:5-73:66
90        xmlns:android="http://schemas.android.com/apk/res/android"
90-->[com.tencent.luggage:wxa-standalone-open-runtime-SaaA-plugin-sdk:1.0.8] AndroidManifest.xml:72:9-67
91        android:name="android.permission.CHANGE_NETWORK_STATE" />
91-->[com.tencent.luggage:wxa-standalone-open-runtime-SaaA-plugin-sdk:1.0.8] AndroidManifest.xml:73:9-63
92    <uses-permission
92-->[com.tencent.luggage:wxa-standalone-open-runtime-SaaA-plugin-sdk:1.0.8] AndroidManifest.xml:74:5-76:63
93        xmlns:android="http://schemas.android.com/apk/res/android"
93-->[com.tencent.luggage:wxa-standalone-open-runtime-SaaA-plugin-sdk:1.0.8] AndroidManifest.xml:75:9-67
94        android:name="android.permission.CHANGE_WIFI_STATE" />
94-->[com.tencent.luggage:wxa-standalone-open-runtime-SaaA-plugin-sdk:1.0.8] AndroidManifest.xml:76:9-60
95    <uses-permission
95-->[com.tencent.luggage:wxa-standalone-open-runtime-SaaA-plugin-sdk:1.0.8] AndroidManifest.xml:77:5-79:49
96        xmlns:android="http://schemas.android.com/apk/res/android"
96-->[com.tencent.luggage:wxa-standalone-open-runtime-SaaA-plugin-sdk:1.0.8] AndroidManifest.xml:78:9-67
97        android:name="android.permission.NFC" />
97-->[com.tencent.luggage:wxa-standalone-open-runtime-SaaA-plugin-sdk:1.0.8] AndroidManifest.xml:79:9-46
98    <uses-permission
98-->[com.tencent.luggage:wxa-standalone-open-runtime-SaaA-plugin-sdk:1.0.8] AndroidManifest.xml:80:5-82:64
99        xmlns:android="http://schemas.android.com/apk/res/android"
99-->[com.tencent.luggage:wxa-standalone-open-runtime-SaaA-plugin-sdk:1.0.8] AndroidManifest.xml:81:9-67
100        android:name="android.permission.FOREGROUND_SERVICE" />
100-->[com.tencent.luggage:wxa-standalone-open-runtime-SaaA-plugin-sdk:1.0.8] AndroidManifest.xml:82:9-61
101    <uses-permission
101-->[com.tencent.luggage:wxa-standalone-open-runtime-SaaA-plugin-sdk:1.0.8] AndroidManifest.xml:83:5-85:55
102        xmlns:android="http://schemas.android.com/apk/res/android"
102-->[com.tencent.luggage:wxa-standalone-open-runtime-SaaA-plugin-sdk:1.0.8] AndroidManifest.xml:84:9-67
103        android:name="android.permission.BLUETOOTH" />
103-->[com.tencent.luggage:wxa-standalone-open-runtime-SaaA-plugin-sdk:1.0.8] AndroidManifest.xml:85:9-52
104    <uses-permission
104-->[com.tencent.luggage:wxa-standalone-open-runtime-SaaA-plugin-sdk:1.0.8] AndroidManifest.xml:86:5-88:61
105        xmlns:android="http://schemas.android.com/apk/res/android"
105-->[com.tencent.luggage:wxa-standalone-open-runtime-SaaA-plugin-sdk:1.0.8] AndroidManifest.xml:87:9-67
106        android:name="android.permission.BLUETOOTH_ADMIN" />
106-->[com.tencent.luggage:wxa-standalone-open-runtime-SaaA-plugin-sdk:1.0.8] AndroidManifest.xml:88:9-58
107    <uses-permission
107-->[com.tencent.luggage:wxa-standalone-open-runtime-SaaA-plugin-sdk:1.0.8] AndroidManifest.xml:89:5-91:67
108        xmlns:android="http://schemas.android.com/apk/res/android"
108-->[com.tencent.luggage:wxa-standalone-open-runtime-SaaA-plugin-sdk:1.0.8] AndroidManifest.xml:90:9-67
109        android:name="android.permission.READ_EXTERNAL_STORAGE" />
109-->[com.tencent.luggage:wxa-standalone-open-runtime-SaaA-plugin-sdk:1.0.8] AndroidManifest.xml:91:9-64
110
111    <permission
111-->[com.tencent.luggage:wxa-standalone-open-runtime-SaaA-plugin-sdk:1.0.8] AndroidManifest.xml:93:5-96:44
112        xmlns:android="http://schemas.android.com/apk/res/android"
112-->[com.tencent.luggage:wxa-standalone-open-runtime-SaaA-plugin-sdk:1.0.8] AndroidManifest.xml:94:9-67
113        android:name="com.tencent.weauth.voiceassist.permission.READ"
113-->[com.tencent.luggage:wxa-standalone-open-runtime-SaaA-plugin-sdk:1.0.8] AndroidManifest.xml:95:9-68
114        android:protectionLevel="normal" />
114-->[com.tencent.luggage:wxa-standalone-open-runtime-SaaA-plugin-sdk:1.0.8] AndroidManifest.xml:96:9-41
115    <permission
115-->[com.tencent.luggage:wxa-standalone-open-runtime-SaaA-plugin-sdk:1.0.8] AndroidManifest.xml:97:5-100:44
116        xmlns:android="http://schemas.android.com/apk/res/android"
116-->[com.tencent.luggage:wxa-standalone-open-runtime-SaaA-plugin-sdk:1.0.8] AndroidManifest.xml:98:9-67
117        android:name="com.tencent.weauth.voiceassist.permission.WRITE"
117-->[com.tencent.luggage:wxa-standalone-open-runtime-SaaA-plugin-sdk:1.0.8] AndroidManifest.xml:99:9-69
118        android:protectionLevel="normal" />
118-->[com.tencent.luggage:wxa-standalone-open-runtime-SaaA-plugin-sdk:1.0.8] AndroidManifest.xml:100:9-41
119
120    <application
120-->src/main/AndroidManifest.xml:17:5-63:19
121        xmlns:android="http://schemas.android.com/apk/res/android"
121-->[com.tencent.luggage:wxa-standalone-open-runtime-SaaA-plugin-sdk:1.0.8] AndroidManifest.xml:103:9-67
122        android:name="com.tencent.weauth.DemoApplication"
122-->src/main/AndroidManifest.xml:18:9-40
123        android:allowBackup="false"
123-->src/main/AndroidManifest.xml:19:9-36
124        android:appComponentFactory="androidx.core.app.CoreComponentFactory"
124-->[androidx.core:core:1.6.0] AndroidManifest.xml:24:18-86
125        android:debuggable="true"
126        android:icon="@mipmap/ic_launcher"
126-->src/main/AndroidManifest.xml:20:9-43
127        android:label="@string/app_name"
127-->src/main/AndroidManifest.xml:21:9-41
128        android:persistent="true"
128-->src/main/AndroidManifest.xml:22:9-34
129        android:requestLegacyExternalStorage="true"
129-->[com.tencent.luggage:wxa-standalone-open-runtime-SaaA-plugin-sdk:1.0.8] AndroidManifest.xml:105:9-52
130        android:supportsRtl="true"
130-->[:plugin] AndroidManifest.xml:31:9-35
131        android:testOnly="true"
132        android:theme="@style/Theme.App.Global"
132-->src/main/AndroidManifest.xml:23:9-48
133        android:usesCleartextTraffic="true" >
133-->[:plugin] AndroidManifest.xml:32:9-44
134
135        <!-- 兼容支持 -->
136        <uses-library
136-->src/main/AndroidManifest.xml:27:9-29:40
137            android:name="org.apache.http.legacy"
137-->src/main/AndroidManifest.xml:28:13-50
138            android:required="false" />
138-->src/main/AndroidManifest.xml:29:13-37
139
140        <activity
140-->src/main/AndroidManifest.xml:31:9-47:20
141            android:name="com.tencent.weauth.ui.MainActivity"
141-->src/main/AndroidManifest.xml:32:13-44
142            android:configChanges="keyboard|keyboardHidden|orientation|screenSize|smallestScreenSize|screenLayout|uiMode"
142-->src/main/AndroidManifest.xml:33:13-122
143            android:exported="true"
143-->src/main/AndroidManifest.xml:34:13-36
144            android:theme="@style/Theme.Translucent" >
144-->src/main/AndroidManifest.xml:35:13-53
145            <intent-filter>
145-->src/main/AndroidManifest.xml:36:13-40:29
146                <action android:name="android.intent.action.MAIN" />
146-->src/main/AndroidManifest.xml:37:17-69
146-->src/main/AndroidManifest.xml:37:25-66
147
148                <category android:name="android.intent.category.LAUNCHER" />
148-->src/main/AndroidManifest.xml:38:17-77
148-->src/main/AndroidManifest.xml:38:27-74
149                <category android:name="android.intent.category.DEFAULT" />
149-->src/main/AndroidManifest.xml:39:17-76
149-->src/main/AndroidManifest.xml:39:27-73
150            </intent-filter>
151            <intent-filter>
151-->src/main/AndroidManifest.xml:41:13-46:29
152                <action android:name="android.intent.action.VIEW" />
152-->src/main/AndroidManifest.xml:42:17-69
152-->src/main/AndroidManifest.xml:42:25-66
153
154                <category android:name="android.intent.category.DEFAULT" />
154-->src/main/AndroidManifest.xml:39:17-76
154-->src/main/AndroidManifest.xml:39:27-73
155                <category android:name="android.intent.category.BROWSABLE" />
155-->src/main/AndroidManifest.xml:44:17-78
155-->src/main/AndroidManifest.xml:44:27-75
156
157                <data android:scheme="__placeholder__" />
157-->src/main/AndroidManifest.xml:45:23-57
158            </intent-filter>
159        </activity>
160        <activity
160-->src/main/AndroidManifest.xml:49:9-52:39
161            android:name="com.tencent.weauth.wxapi.WXEntryActivity"
161-->src/main/AndroidManifest.xml:50:13-50
162            android:exported="true"
162-->src/main/AndroidManifest.xml:52:13-36
163            android:launchMode="singleTask" />
163-->src/main/AndroidManifest.xml:51:13-44
164        <activity
164-->src/main/AndroidManifest.xml:54:9-57:39
165            android:name="com.tencent.weauth.wxapi.WXPayEntryActivity"
165-->src/main/AndroidManifest.xml:55:13-53
166            android:exported="true"
166-->src/main/AndroidManifest.xml:57:13-36
167            android:launchMode="singleTask" />
167-->src/main/AndroidManifest.xml:56:13-44
168
169        <meta-data
169-->src/main/AndroidManifest.xml:59:9-61:53
170            android:name="GETUI_APPID"
170-->src/main/AndroidManifest.xml:60:13-39
171            android:value="djYjSlFVMf6p5YOy2OQUs8" />
171-->src/main/AndroidManifest.xml:61:13-51
172
173        <service
173-->[:plugin] AndroidManifest.xml:37:9-39:46
174            android:name="com.donut.wxed34e654870cba42.PluginPushService"
174-->[:plugin] AndroidManifest.xml:38:13-74
175            android:process=":pushservice" />
175-->[:plugin] AndroidManifest.xml:39:13-43
176        <service android:name="com.donut.wxed34e654870cba42.PluginIntentService" />
176-->[:plugin] AndroidManifest.xml:40:9-84
176-->[:plugin] AndroidManifest.xml:40:18-81
177        <service
177-->[:plugin] AndroidManifest.xml:41:9-47:19
178            android:name="com.getui.gtc.GtcService"
178-->[:plugin] AndroidManifest.xml:42:13-52
179            android:exported="false" >
179-->[:plugin] AndroidManifest.xml:43:13-37
180            <intent-filter>
180-->[:plugin] AndroidManifest.xml:44:13-46:29
181                <action android:name="com.getui.gtc.sdk.service.action" />
181-->[:plugin] AndroidManifest.xml:45:17-75
181-->[:plugin] AndroidManifest.xml:45:25-72
182            </intent-filter>
183        </service>
184
185        <provider
185-->[:plugin] AndroidManifest.xml:49:9-52:40
186            android:name="com.getui.gtc.base.GtcProvider"
186-->[:plugin] AndroidManifest.xml:50:13-58
187            android:authorities="com.tencent.weauth.getui.gtc.provider"
187-->[:plugin] AndroidManifest.xml:51:13-70
188            android:exported="false" /> <!-- ⽤来登记渠道的信息 -->
188-->[:plugin] AndroidManifest.xml:52:13-37
189        <meta-data
189-->[:plugin] AndroidManifest.xml:53:9-55:48
190            android:name="ZX_CHANNEL_ID"
190-->[:plugin] AndroidManifest.xml:54:13-41
191            android:value="C01-GEztJH0JLdBC" /> <!-- ⽤来注册登记第三⽅ SDK 的 AppId 信息 -->
191-->[:plugin] AndroidManifest.xml:55:13-45
192        <meta-data
192-->[:plugin] AndroidManifest.xml:56:9-58:68
193            android:name="ZX_APPID_GETUI"
193-->[:plugin] AndroidManifest.xml:57:13-42
194            android:value="913e6a50-c3b6-4989-8ac6-1ecb53649be3" /> <!-- 配置SDK核心服务 -->
194-->[:plugin] AndroidManifest.xml:58:13-65
195        <service
195-->[:plugin] AndroidManifest.xml:59:9-63:46
196            android:name="com.igexin.sdk.PushService"
196-->[:plugin] AndroidManifest.xml:60:13-54
197            android:exported="false"
197-->[:plugin] AndroidManifest.xml:61:13-37
198            android:label="NotificationCenter"
198-->[:plugin] AndroidManifest.xml:62:13-47
199            android:process=":pushservice" />
199-->[:plugin] AndroidManifest.xml:63:13-43
200        <service
200-->[:plugin] AndroidManifest.xml:64:9-66:39
201            android:name="com.igexin.sdk.GTIntentService"
201-->[:plugin] AndroidManifest.xml:65:13-58
202            android:exported="true" />
202-->[:plugin] AndroidManifest.xml:66:13-36
203        <service
203-->[:plugin] AndroidManifest.xml:67:9-74:19
204            android:name="com.igexin.sdk.GService"
204-->[:plugin] AndroidManifest.xml:68:13-51
205            android:exported="true"
205-->[:plugin] AndroidManifest.xml:69:13-36
206            android:process=":pushservice" >
206-->[:plugin] AndroidManifest.xml:70:13-43
207            <intent-filter>
207-->[:plugin] AndroidManifest.xml:71:13-73:29
208                <action android:name="com.getui.sdk.action" />
208-->[:plugin] AndroidManifest.xml:72:17-63
208-->[:plugin] AndroidManifest.xml:72:25-60
209            </intent-filter>
210        </service>
211
212        <activity
212-->[:plugin] AndroidManifest.xml:76:9-84:20
213            android:name="com.igexin.sdk.GetuiActivity"
213-->[:plugin] AndroidManifest.xml:77:13-56
214            android:exported="true"
214-->[:plugin] AndroidManifest.xml:78:13-36
215            android:process=":pushservice"
215-->[:plugin] AndroidManifest.xml:79:13-43
216            android:theme="@android:style/Theme.Translucent.NoTitleBar" >
216-->[:plugin] AndroidManifest.xml:80:13-72
217            <intent-filter>
217-->[:plugin] AndroidManifest.xml:71:13-73:29
218                <action android:name="com.getui.sdk.action" />
218-->[:plugin] AndroidManifest.xml:72:17-63
218-->[:plugin] AndroidManifest.xml:72:25-60
219            </intent-filter>
220        </activity>
221        <activity
221-->[:plugin] AndroidManifest.xml:85:9-90:75
222            android:name="com.igexin.sdk.PopupActivity"
222-->[:plugin] AndroidManifest.xml:86:13-56
223            android:configChanges="screenSize|orientation"
223-->[:plugin] AndroidManifest.xml:87:13-59
224            android:exported="false"
224-->[:plugin] AndroidManifest.xml:88:13-37
225            android:process=":pushservice"
225-->[:plugin] AndroidManifest.xml:89:13-43
226            android:theme="@android:style/Theme.Translucent.NoTitleBar" />
226-->[:plugin] AndroidManifest.xml:90:13-72
227
228        <meta-data
228-->[:plugin] AndroidManifest.xml:92:9-94:39
229            android:name="GTSDK_VERSION"
229-->[:plugin] AndroidManifest.xml:93:13-41
230            android:value="3.3.7.0" />
230-->[:plugin] AndroidManifest.xml:94:13-36
231
232        <activity
232-->[com.tencent.luggage:wxa-standalone-open-runtime-SaaA-plugin-sdk:1.0.8] AndroidManifest.xml:122:9-127:59
233            android:name="com.tencent.luggage.wxa.SaaA.app.SaaAContainerActivity0"
233-->[com.tencent.luggage:wxa-standalone-open-runtime-SaaA-plugin-sdk:1.0.8] AndroidManifest.xml:123:13-83
234            android:configChanges="keyboard|keyboardHidden|orientation|screenSize|smallestScreenSize|screenLayout|uiMode"
234-->[com.tencent.luggage:wxa-standalone-open-runtime-SaaA-plugin-sdk:1.0.8] AndroidManifest.xml:124:13-122
235            android:process=":wxa_container0"
235-->[com.tencent.luggage:wxa-standalone-open-runtime-SaaA-plugin-sdk:1.0.8] AndroidManifest.xml:125:13-46
236            android:screenOrientation="behind"
236-->[com.tencent.luggage:wxa-standalone-open-runtime-SaaA-plugin-sdk:1.0.8] AndroidManifest.xml:126:13-47
237            android:theme="@style/WxaAppContainerTheme" />
237-->[com.tencent.luggage:wxa-standalone-open-runtime-SaaA-plugin-sdk:1.0.8] AndroidManifest.xml:127:13-56
238
239        <activity-alias
239-->[com.tencent.luggage:wxa-standalone-open-runtime-SaaA-plugin-sdk:1.0.8] AndroidManifest.xml:129:9-131:96
240            android:name="com.tencent.luggage.wxa.standalone_open_runtime.container.WxaContainerActivity0"
240-->[com.tencent.luggage:wxa-standalone-open-runtime-SaaA-plugin-sdk:1.0.8] AndroidManifest.xml:130:13-107
241            android:targetActivity="com.tencent.luggage.wxa.SaaA.app.SaaAContainerActivity0" />
241-->[com.tencent.luggage:wxa-standalone-open-runtime-SaaA-plugin-sdk:1.0.8] AndroidManifest.xml:131:13-93
242
243        <activity
243-->[com.tencent.luggage:wxa-standalone-open-runtime-SaaA-plugin-sdk:1.0.8] AndroidManifest.xml:133:9-138:59
244            android:name="com.tencent.luggage.wxa.SaaA.app.SaaAContainerActivity1"
244-->[com.tencent.luggage:wxa-standalone-open-runtime-SaaA-plugin-sdk:1.0.8] AndroidManifest.xml:134:13-83
245            android:configChanges="keyboard|keyboardHidden|orientation|screenSize|smallestScreenSize|screenLayout|uiMode"
245-->[com.tencent.luggage:wxa-standalone-open-runtime-SaaA-plugin-sdk:1.0.8] AndroidManifest.xml:135:13-122
246            android:process=":wxa_container1"
246-->[com.tencent.luggage:wxa-standalone-open-runtime-SaaA-plugin-sdk:1.0.8] AndroidManifest.xml:136:13-46
247            android:screenOrientation="behind"
247-->[com.tencent.luggage:wxa-standalone-open-runtime-SaaA-plugin-sdk:1.0.8] AndroidManifest.xml:137:13-47
248            android:theme="@style/WxaAppContainerTheme" />
248-->[com.tencent.luggage:wxa-standalone-open-runtime-SaaA-plugin-sdk:1.0.8] AndroidManifest.xml:138:13-56
249
250        <activity-alias
250-->[com.tencent.luggage:wxa-standalone-open-runtime-SaaA-plugin-sdk:1.0.8] AndroidManifest.xml:140:9-142:96
251            android:name="com.tencent.luggage.wxa.standalone_open_runtime.container.WxaContainerActivity1"
251-->[com.tencent.luggage:wxa-standalone-open-runtime-SaaA-plugin-sdk:1.0.8] AndroidManifest.xml:141:13-107
252            android:targetActivity="com.tencent.luggage.wxa.SaaA.app.SaaAContainerActivity1" />
252-->[com.tencent.luggage:wxa-standalone-open-runtime-SaaA-plugin-sdk:1.0.8] AndroidManifest.xml:142:13-93
253
254        <activity
254-->[com.tencent.luggage:wxa-standalone-open-runtime-SaaA-plugin-sdk:1.0.8] AndroidManifest.xml:144:9-149:59
255            android:name="com.tencent.luggage.wxa.SaaA.app.SaaAContainerActivity2"
255-->[com.tencent.luggage:wxa-standalone-open-runtime-SaaA-plugin-sdk:1.0.8] AndroidManifest.xml:145:13-83
256            android:configChanges="keyboard|keyboardHidden|orientation|screenSize|smallestScreenSize|screenLayout|uiMode"
256-->[com.tencent.luggage:wxa-standalone-open-runtime-SaaA-plugin-sdk:1.0.8] AndroidManifest.xml:146:13-122
257            android:process=":wxa_container2"
257-->[com.tencent.luggage:wxa-standalone-open-runtime-SaaA-plugin-sdk:1.0.8] AndroidManifest.xml:147:13-46
258            android:screenOrientation="behind"
258-->[com.tencent.luggage:wxa-standalone-open-runtime-SaaA-plugin-sdk:1.0.8] AndroidManifest.xml:148:13-47
259            android:theme="@style/WxaAppContainerTheme" />
259-->[com.tencent.luggage:wxa-standalone-open-runtime-SaaA-plugin-sdk:1.0.8] AndroidManifest.xml:149:13-56
260
261        <activity-alias
261-->[com.tencent.luggage:wxa-standalone-open-runtime-SaaA-plugin-sdk:1.0.8] AndroidManifest.xml:151:9-153:96
262            android:name="com.tencent.luggage.wxa.standalone_open_runtime.container.WxaContainerActivity2"
262-->[com.tencent.luggage:wxa-standalone-open-runtime-SaaA-plugin-sdk:1.0.8] AndroidManifest.xml:152:13-107
263            android:targetActivity="com.tencent.luggage.wxa.SaaA.app.SaaAContainerActivity2" />
263-->[com.tencent.luggage:wxa-standalone-open-runtime-SaaA-plugin-sdk:1.0.8] AndroidManifest.xml:153:13-93
264
265        <activity
265-->[com.tencent.luggage:wxa-standalone-open-runtime-SaaA-plugin-sdk:1.0.8] AndroidManifest.xml:155:9-160:59
266            android:name="com.tencent.luggage.wxa.SaaA.app.SaaAContainerActivity3"
266-->[com.tencent.luggage:wxa-standalone-open-runtime-SaaA-plugin-sdk:1.0.8] AndroidManifest.xml:156:13-83
267            android:configChanges="keyboard|keyboardHidden|orientation|screenSize|smallestScreenSize|screenLayout|uiMode"
267-->[com.tencent.luggage:wxa-standalone-open-runtime-SaaA-plugin-sdk:1.0.8] AndroidManifest.xml:157:13-122
268            android:process=":wxa_container3"
268-->[com.tencent.luggage:wxa-standalone-open-runtime-SaaA-plugin-sdk:1.0.8] AndroidManifest.xml:158:13-46
269            android:screenOrientation="behind"